<testsuite failures="0" name="com/shoaib/automation/JsonBinApi/JsonBinApi.feature" skipped="0" tests="1" time="0.351831">
  <testcase classname="com.shoaib.automation.JsonBinApi.JsonBinApi" name="Testing of GET API" time="0.351831">
    <system-out>* url JSONBINAPI_IP ....................................................... passed
* def constants = read('classpath:endpoints.js') .......................... passed
* def api_response = read('classpath:response/getApi/response.json') ...... passed
Given path constants['FETCH_DETAILS'] ..................................... passed
And header Content-Type = 'application/json' .............................. passed
And header secret-key = '$2b$10$a5pPzFpI0FUDLGbUCBwc4./npTSp.U2nrULweVf8DJ28HCZWhqlse' . passed
When method get ........................................................... passed
Then status 200 ........................................................... passed
And match response == api_response ........................................ passed</system-out>
  </testcase>
</testsuite>
